Arguments: 
  E:\Program Files\nodejs\node.exe C:\Users\77232\AppData\Roaming\npm\node_modules\yarn\bin\yarn.js add axios better-scroll classnames react-loadable

PATH: 
  C:\Program Files (x86)\Intel\iCLS Client\;C:\Program Files\Intel\iCLS Client\;C:\WINDOWS\system32;C:\WINDOWS;C:\WINDOWS\System32\Wbem;C:\WINDOWS\System32\WindowsPowerShell\v1.0\;C:\Program Files (x86)\Intel\Intel(R) Management Engine Components\DAL;C:\Program Files\Intel\Intel(R) Management Engine Components\DAL;C:\Program Files (x86)\Intel\Intel(R) Management Engine Components\IPT;C:\Program Files\Intel\Intel(R) Management Engine Components\IPT;C:\Program Files\Microsoft SQL Server\120\DTS\Binn\;C:\Program Files\Microsoft SQL Server\Client SDK\ODBC\110\Tools\Binn\;C:\Program Files (x86)\Microsoft SQL Server\120\Tools\Binn\;C:\Program Files\Microsoft SQL Server\120\Tools\Binn\;C:\Program Files (x86)\Microsoft SQL Server\120\Tools\Binn\ManagementStudio\;C:\Program Files (x86)\Microsoft SQL Server\120\DTS\Binn\;C:\ProgramData\chocolatey\bin;C:\Program Files\Java\jdk1.8.0_131\bin;C:\Program Files (x86)\Windows Kits\10\Windows Performance Toolkit\;E:\Program Files\Sublime Text 3;C:\Users\77232\AppData\Local\atom\bin;C:\Users\77232\AppData\Local\Programs\Python\Python36\;C:\Users\77232\AppData\Local\Programs\Python\Python36\Scripts;C:\Users\77232\AppData\Local\Android\sdk\tools;C:\Users\77232\AppData\Local\Android\sdk\platform-tools;C:\Android\android-sdk\tools;C:\Android\android-sdk\platform-tools;E:\Program Files\TortoiseSVN\bin;E:\Program Files\nodejs\;C:\WINDOWS\System32\OpenSSH\;E:\Program Files\Git\cmd;C:\Users\77232\AppData\Local\Microsoft\WindowsApps;E:\Program Files (x86)\Microsoft VS Code\bin;E:\Program Files\Sublime Text 3;C:\Users\77232\AppData\Local\Android\sdk\tools;C:\Users\77232\AppData\Local\Android\sdk\platform-tools;E:\Program Files (x86)\Oni;C:\Users\77232\AppData\Roaming\npm;C:\Users\77232\AppData\Local\hyper\app-2.0.0\resources\bin;C:\Users\77232\AppData\Local\Microsoft\WindowsApps

Yarn version: 
  1.7.0

Node version: 
  9.8.0

Platform: 
  win32 x64

Trace: 
  Error: EPERM: operation not permitted, mkdir 'E:\test\js\20180639\react-toutiao\node_modules\awesome-typescript-loader\node_modules\expand-brackets\node_modules'

npm manifest: 
  {
    "private": true,
    "scripts": {
      "start": "roadhog server",
      "build": "roadhog build",
      "lint": "eslint --ext .js src test",
      "precommit": "npm run lint"
    },
    "dependencies": {
      "dva": "^2.3.1",
      "react": "^16.2.0",
      "react-dom": "^16.2.0"
    },
    "devDependencies": {
      "babel-plugin-dva-hmr": "^0.3.2",
      "eslint": "^4.14.0",
      "eslint-config-umi": "^0.1.1",
      "eslint-plugin-flowtype": "^2.34.1",
      "eslint-plugin-import": "^2.6.0",
      "eslint-plugin-jsx-a11y": "^5.1.1",
      "eslint-plugin-react": "^7.1.0",
      "husky": "^0.12.0",
      "redbox-react": "^1.4.3",
      "roadhog": "^2.0.0"
    }
  }

yarn manifest: 
  No manifest

Lockfile: 
  No lockfile
